<?xml version="1.0" encoding="UTF-8"?>
<testsuite name="com.kodilla.stream.sand.SandStorageTestSuite" tests="2" skipped="0" failures="0" errors="0" timestamp="2019-01-06T18:21:25" hostname="oem-Komputer" time="0.014">
  <properties/>
  <testcase name="testGetSandBeanQuantity" classname="com.kodilla.stream.sand.SandStorageTestSuite" time="0.012"/>
  <testcase name="testGetSandBeanQuntityWithReduce" classname="com.kodilla.stream.sand.SandStorageTestSuite" time="0.002"/>
  <system-out><![CDATA[]]></system-out>
  <system-err><![CDATA[]]></system-err>
</testsuite>
