<?xml version="1.0" encoding="UTF-8"?>
<testsuite name="com.kodilla.stream.forum.ForumUserTestSuite" tests="2" skipped="0" failures="0" errors="0" timestamp="2019-01-06T18:21:25" hostname="oem-Komputer" time="0.01">
  <properties/>
  <testcase name="testGetLocationOfFriendsOfFriends" classname="com.kodilla.stream.forum.ForumUserTestSuite" time="0.009"/>
  <testcase name="testGetLocationOfFriends" classname="com.kodilla.stream.forum.ForumUserTestSuite" time="0.0"/>
  <system-out><![CDATA[]]></system-out>
  <system-err><![CDATA[]]></system-err>
</testsuite>
