<?xml version="1.0" encoding="UTF-8"?>
<testsuite name="com.kodilla.stream.array.ArrayOperationTestSuite" tests="1" skipped="0" failures="0" errors="0" timestamp="2019-01-06T18:21:25" hostname="oem-Komputer" time="0.059">
  <properties/>
  <testcase name="testGetAverage" classname="com.kodilla.stream.array.ArrayOperationTestSuite" time="0.059"/>
  <system-out><![CDATA[1
1
1
1
1
1
1
1
1
1
1
1
1
1
1
1
1
1
1
1
]]></system-out>
  <system-err><![CDATA[]]></system-err>
</testsuite>
