<?xml version="1.0" encoding="UTF-8"?>
<testsuite name="com.kodilla.spring.portfolio.BoardTestSuite" tests="1" skipped="0" failures="0" errors="0" timestamp="2019-04-07T12:27:43" hostname="oem-Komputer" time="0.04">
  <properties/>
  <testcase name="testTaskAdd" classname="com.kodilla.spring.portfolio.BoardTestSuite" time="0.04"/>
  <system-out><![CDATA[2019-04-07 14:27:43.059  INFO 448 --- [    Test worker] s.c.a.AnnotationConfigApplicationContext : Refreshing org.springframework.context.annotation.AnnotationConfigApplicationContext@5452d8cd: startup date [Sun Apr 07 14:27:43 CEST 2019]; root of context hierarchy
]]></system-out>
  <system-err><![CDATA[]]></system-err>
</testsuite>
