<?xml version="1.0" encoding="UTF-8"?>
<testsuite name="com.kodilla.spring.forum.ForumUserTestSuite" tests="1" skipped="0" failures="0" errors="0" timestamp="2019-04-07T12:27:41" hostname="oem-Komputer" time="0.294">
  <properties/>
  <testcase name="testGetUserName" classname="com.kodilla.spring.forum.ForumUserTestSuite" time="0.294"/>
  <system-out><![CDATA[2019-04-07 14:27:41.929  INFO 448 --- [    Test worker] s.c.a.AnnotationConfigApplicationContext : Refreshing org.springframework.context.annotation.AnnotationConfigApplicationContext@3e3ab1e4: startup date [Sun Apr 07 14:27:41 CEST 2019]; root of context hierarchy
2019-04-07 14:27:42.191  INFO 448 --- [    Test worker] o.s.j.e.a.AnnotationMBeanExporter        : Registering beans for JMX exposure on startup
]]></system-out>
  <system-err><![CDATA[]]></system-err>
</testsuite>
