<?xml version="1.0" encoding="UTF-8"?>
<testsuite name="com.kodilla.spring.SpringRunnerTestSuite" tests="4" skipped="0" failures="0" errors="0" timestamp="2019-04-07T12:27:43" hostname="oem-Komputer" time="1.053">
  <properties/>
  <testcase name="testSquareLoadIntoContairner" classname="com.kodilla.spring.SpringRunnerTestSuite" time="0.254"/>
  <testcase name="testShapeLoadIntoContainer" classname="com.kodilla.spring.SpringRunnerTestSuite" time="0.277"/>
  <testcase name="testTriangleLoadIntoContainer" classname="com.kodilla.spring.SpringRunnerTestSuite" time="0.269"/>
  <testcase name="testCircleLoadIntoContainer" classname="com.kodilla.spring.SpringRunnerTestSuite" time="0.248"/>
  <system-out><![CDATA[2019-04-07 14:27:43.189  INFO 448 --- [    Test worker] .b.t.c.SpringBootTestContextBootstrapper : Neither @ContextConfiguration nor @ContextHierarchy found for test class [com.kodilla.spring.SpringRunnerTestSuite], using SpringBootContextLoader
2019-04-07 14:27:43.191  INFO 448 --- [    Test worker] o.s.t.c.support.AbstractContextLoader    : Could not detect default resource locations for test class [com.kodilla.spring.SpringRunnerTestSuite]: no resource found for suffixes {-context.xml, Context.groovy}.
2019-04-07 14:27:43.191  INFO 448 --- [    Test worker] t.c.s.AnnotationConfigContextLoaderUtils : Could not detect default configuration classes for test class [com.kodilla.spring.SpringRunnerTestSuite]: SpringRunnerTestSuite does not declare any static, non-private, non-final, nested classes annotated with @Configuration.
2019-04-07 14:27:43.198  INFO 448 --- [    Test worker] .b.t.c.SpringBootTestContextBootstrapper : Found @SpringBootConfiguration com.kodilla.spring.SpringRunner for test class com.kodilla.spring.SpringRunnerTestSuite
2019-04-07 14:27:43.201  INFO 448 --- [    Test worker] .b.t.c.SpringBootTestContextBootstrapper : Loaded default TestExecutionListener class names from location [META-INF/spring.factories]: [org.springframework.boot.test.autoconfigure.restdocs.RestDocsTestExecutionListener, org.springframework.boot.test.autoconfigure.web.client.MockRestServiceServerResetTestExecutionListener, org.springframework.boot.test.autoconfigure.web.servlet.MockMvcPrintOnlyOnFailureTestExecutionListener, org.springframework.boot.test.autoconfigure.web.servlet.WebDriverTestExecutionListener, org.springframework.boot.test.mock.mockito.MockitoTestExecutionListener, org.springframework.boot.test.mock.mockito.ResetMocksTestExecutionListener, org.springframework.test.context.web.ServletTestExecutionListener, org.springframework.test.context.support.DirtiesContextBeforeModesTestExecutionListener, org.springframework.test.context.support.DependencyInjectionTestExecutionListener, org.springframework.test.context.support.DirtiesContextTestExecutionListener, org.springframework.test.context.transaction.TransactionalTestExecutionListener, org.springframework.test.context.jdbc.SqlScriptsTestExecutionListener]
2019-04-07 14:27:43.202  INFO 448 --- [    Test worker] .b.t.c.SpringBootTestContextBootstrapper : Using TestExecutionListeners: [org.springframework.test.context.support.DirtiesContextBeforeModesTestExecutionListener@3dc56f33, org.springframework.boot.test.mock.mockito.MockitoTestExecutionListener@34f7dd3d, org.springframework.boot.test.autoconfigure.SpringBootDependencyInjectionTestExecutionListener@2c131daa, org.springframework.test.context.support.DirtiesContextTestExecutionListener@140a2013, org.springframework.boot.test.autoconfigure.restdocs.RestDocsTestExecutionListener@2207956, org.springframework.boot.test.autoconfigure.web.client.MockRestServiceServerResetTestExecutionListener@8b4521a, org.springframework.boot.test.autoconfigure.web.servlet.MockMvcPrintOnlyOnFailureTestExecutionListener@3cfef0eb, org.springframework.boot.test.autoconfigure.web.servlet.WebDriverTestExecutionListener@793145df, org.springframework.boot.test.mock.mockito.ResetMocksTestExecutionListener@78da7966]
2019-04-07 14:27:43.229  INFO 448 --- [    Test worker] s.c.a.AnnotationConfigApplicationContext : Refreshing org.springframework.context.annotation.AnnotationConfigApplicationContext@52d4c0e5: startup date [Sun Apr 07 14:27:43 CEST 2019]; root of context hierarchy
2019-04-07 14:27:43.458  INFO 448 --- [    Test worker] o.s.j.e.a.AnnotationMBeanExporter        : Registering beans for JMX exposure on startup
2019-04-07 14:27:43.489  INFO 448 --- [    Test worker] s.c.a.AnnotationConfigApplicationContext : Refreshing org.springframework.context.annotation.AnnotationConfigApplicationContext@6277fa55: startup date [Sun Apr 07 14:27:43 CEST 2019]; root of context hierarchy
2019-04-07 14:27:43.737  INFO 448 --- [    Test worker] o.s.j.e.a.AnnotationMBeanExporter        : Registering beans for JMX exposure on startup
Chosen shape says: This is a circle.
2019-04-07 14:27:43.767  INFO 448 --- [    Test worker] s.c.a.AnnotationConfigApplicationContext : Refreshing org.springframework.context.annotation.AnnotationConfigApplicationContext@44cf6968: startup date [Sun Apr 07 14:27:43 CEST 2019]; root of context hierarchy
2019-04-07 14:27:44.008  INFO 448 --- [    Test worker] o.s.j.e.a.AnnotationMBeanExporter        : Registering beans for JMX exposure on startup
2019-04-07 14:27:44.035  INFO 448 --- [    Test worker] s.c.a.AnnotationConfigApplicationContext : Refreshing org.springframework.context.annotation.AnnotationConfigApplicationContext@57977bad: startup date [Sun Apr 07 14:27:44 CEST 2019]; root of context hierarchy
2019-04-07 14:27:44.257  INFO 448 --- [    Test worker] o.s.j.e.a.AnnotationMBeanExporter        : Registering beans for JMX exposure on startup
]]></system-out>
  <system-err><![CDATA[]]></system-err>
</testsuite>
