<?xml version="1.0" encoding="UTF-8"?>
<testsuite name="com.kodilla.testing.weather.mock.WeatherForecastTestSuite" tests="1" skipped="0" failures="0" errors="0" timestamp="2019-01-06T18:21:29" hostname="oem-Komputer" time="0.044">
  <properties/>
  <testcase name="testCalculateForecastTestSuite" classname="com.kodilla.testing.weather.mock.WeatherForecastTestSuite" time="0.044"/>
  <system-out><![CDATA[]]></system-out>
  <system-err><![CDATA[]]></system-err>
</testsuite>
