<?xml version="1.0" encoding="UTF-8"?>
<testsuite name="com.kodilla.testing.library.BookDirectoryTestSuite" tests="4" skipped="0" failures="0" errors="0" timestamp="2019-01-06T18:21:29" hostname="oem-Komputer" time="0.06">
  <properties/>
  <testcase name="testListBookWithConditionsReturnList" classname="com.kodilla.testing.library.BookDirectoryTestSuite" time="0.053"/>
  <testcase name="testListBooksInHandsOf0Book" classname="com.kodilla.testing.library.BookDirectoryTestSuite" time="0.001"/>
  <testcase name="testListBookWithConditionMoreThen20" classname="com.kodilla.testing.library.BookDirectoryTestSuite" time="0.001"/>
  <testcase name="testListBookWithConditionFragmentShorterThen3" classname="com.kodilla.testing.library.BookDirectoryTestSuite" time="0.005"/>
  <system-out><![CDATA[]]></system-out>
  <system-err><![CDATA[]]></system-err>
</testsuite>
