<?xml version="1.0" encoding="UTF-8"?>
<testsuite name="com.kodilla.patterns.strategy.CustomerTestSuite" tests="2" skipped="0" failures="0" errors="0" timestamp="2019-01-06T18:21:12" hostname="oem-Komputer" time="0.01">
  <properties/>
  <testcase name="testIndividualInvestingStrategy" classname="com.kodilla.patterns.strategy.CustomerTestSuite" time="0.005"/>
  <testcase name="testDefaultInvestingStrategies" classname="com.kodilla.patterns.strategy.CustomerTestSuite" time="0.004"/>
  <system-out><![CDATA[Steven should: [Conservative Predictor] Buy debentures of XYZ
Steven now should: [Aggressive predictor] Buy stock of XYZ
Steven should: [Conservative Predictor] Buy debentures of XYZ
John should: [Aggressive predictor] Buy stock of XYZ
Kodilla shoudl: [Balanced predictor] Buy shared units of Fund XYZ
]]></system-out>
  <system-err><![CDATA[]]></system-err>
</testsuite>
