<?xml version="1.0" encoding="UTF-8"?>
<testsuite name="com.kodilla.jdbc.DbManagerTestSuite" tests="3" skipped="0" failures="0" errors="0" timestamp="2019-01-06T18:21:04" hostname="oem-Komputer" time="5.66">
  <properties/>
  <testcase name="testConnection" classname="com.kodilla.jdbc.DbManagerTestSuite" time="4.433"/>
  <testcase name="testSelectUsers" classname="com.kodilla.jdbc.DbManagerTestSuite" time="0.851"/>
  <testcase name="testSelectUsersAndPosts" classname="com.kodilla.jdbc.DbManagerTestSuite" time="0.375"/>
  <system-out><![CDATA[1, John, Smith
2, Zachary, Lee
3, Stephanie, Kowalski
4, Thomas, Landgren
5, John, Tomson
Thomas,	 Landgren,	 2
John,	 Smith,	 2
]]></system-out>
  <system-err><![CDATA[]]></system-err>
</testsuite>
